<?xml version="1.0" encoding="UTF-8"?>
<!-- Generated by org.testng.reporters.JUnitXMLReporter -->
<testsuite hostname="Jibin" ignored="1" name="Test Basics 1" tests="2" failures="0" timestamp="2021-12-10T11:33:23 IST" time="73.252" errors="0">
  <testcase name="@BeforeMethod setUp" time="53.296" classname="com.crm.qa.TestCases.HomePageTestCase">
    <failure type="org.openqa.selenium.ElementClickInterceptedException" message="Element &amp;lt;a id=&amp;quot;login2&amp;quot; class=&amp;quot;nav-link&amp;quot; href=&amp;quot;#&amp;quot;&amp;gt; is not clickable at point (1045,40) because another element &amp;lt;div id=&amp;quot;logInModal&amp;quot; class=&amp;quot;modal fade show&amp;quot;&amp;gt; obscures it
Build info: version: &amp;apos;4.0.0&amp;apos;, revision: &amp;apos;3a21814679&amp;apos;
System info: host: &amp;apos;JIBIN&amp;apos;, ip: &amp;apos;192.168.65.64&amp;apos;, os.name: &amp;apos;Windows 8.1&amp;apos;, os.arch: &amp;apos;amd64&amp;apos;, os.version: &amp;apos;6.3&amp;apos;, java.version: &amp;apos;1.8.0_45&amp;apos;
Driver info: org.openqa.selenium.firefox.FirefoxDriver
Command: [9a436589-05e7-42b6-bba9-f8797d980183, clickElement {id=31fe6337-e806-43ca-ad24-418efe84d8cf}]
Capabilities {acceptInsecureCerts: true, browserName: firefox, browserVersion: 95.0, javascriptEnabled: true, moz:accessibilityChecks: false, moz:buildID: 20211129150630, moz:debuggerAddress: localhost:50198, moz:geckodriverVersion: 0.30.0, moz:headless: false, moz:processID: 4912, moz:profile: C:\Users\Jibin Mathew\AppDa..., moz:shutdownTimeout: 60000, moz:useNonSpecCompliantPointerOrigin: false, moz:webdriverClick: true, pageLoadStrategy: normal, platform: WINDOWS, platformName: WINDOWS, platformVersion: 6.3, proxy: Proxy(), se:cdp: ws://localhost:50198/devtoo..., se:cdpVersion: 85, setWindowRect: true, strictFileInteractability: false, timeouts: {implicit: 0, pageLoad: 300000, script: 30000}, unhandledPromptBehavior: dismiss and notify}
Element: [[FirefoxDriver: firefox on WINDOWS (9a436589-05e7-42b6-bba9-f8797d980183)] -&amp;gt; xpath: //a[text()=&amp;apos;Log in&amp;apos;]]
Session ID: 9a436589-05e7-42b6-bba9-f8797d980183">
      <![CDATA[org.openqa.selenium.ElementClickInterceptedException: Element <a id="login2" class="nav-link" href="#"> is not clickable at point (1045,40) because another element <div id="logInModal" class="modal fade show"> obscures it
Build info: version: '4.0.0', revision: '3a21814679'
System info: host: 'JIBIN', ip: '192.168.65.64', os.name: 'Windows 8.1', os.arch: 'amd64', os.version: '6.3', java.version: '1.8.0_45'
Driver info: org.openqa.selenium.firefox.FirefoxDriver
Command: [9a436589-05e7-42b6-bba9-f8797d980183, clickElement {id=31fe6337-e806-43ca-ad24-418efe84d8cf}]
Capabilities {acceptInsecureCerts: true, browserName: firefox, browserVersion: 95.0, javascriptEnabled: true, moz:accessibilityChecks: false, moz:buildID: 20211129150630, moz:debuggerAddress: localhost:50198, moz:geckodriverVersion: 0.30.0, moz:headless: false, moz:processID: 4912, moz:profile: C:\Users\Jibin Mathew\AppDa..., moz:shutdownTimeout: 60000, moz:useNonSpecCompliantPointerOrigin: false, moz:webdriverClick: true, pageLoadStrategy: normal, platform: WINDOWS, platformName: WINDOWS, platformVersion: 6.3, proxy: Proxy(), se:cdp: ws://localhost:50198/devtoo..., se:cdpVersion: 85, setWindowRect: true, strictFileInteractability: false, timeouts: {implicit: 0, pageLoad: 300000, script: 30000}, unhandledPromptBehavior: dismiss and notify}
Element: [[FirefoxDriver: firefox on WINDOWS (9a436589-05e7-42b6-bba9-f8797d980183)] -> xpath: //a[text()='Log in']]
Session ID: 9a436589-05e7-42b6-bba9-f8797d980183
at org.openqa.selenium.remote.codec.w3c.W3CHttpResponseCodec.createException(W3CHttpResponseCodec.java:200)
at org.openqa.selenium.remote.codec.w3c.W3CHttpResponseCodec.decode(W3CHttpResponseCodec.java:133)
at org.openqa.selenium.remote.codec.w3c.W3CHttpResponseCodec.decode(W3CHttpResponseCodec.java:53)
at org.openqa.selenium.remote.HttpCommandExecutor.execute(HttpCommandExecutor.java:184)
at org.openqa.selenium.remote.service.DriverCommandExecutor.invokeExecute(DriverCommandExecutor.java:164)
at org.openqa.selenium.remote.service.DriverCommandExecutor.execute(DriverCommandExecutor.java:139)
at org.openqa.selenium.remote.RemoteWebDriver.execute(RemoteWebDriver.java:559)
at org.openqa.selenium.remote.RemoteWebElement.execute(RemoteWebElement.java:251)
at org.openqa.selenium.remote.RemoteWebElement.click(RemoteWebElement.java:77)
at org.openqa.selenium.support.pagefactory.internal.LocatingElementHandler.invoke(LocatingElementHandler.java:52)
at com.sun.proxy.$Proxy14.click(Unknown Source)
at com.crm.qa.Base.BaseClass.click(BaseClass.java:87)
at com.crm.qa.page.LoginPage.login(LoginPage.java:42)
at com.crm.qa.TestCases.HomePageTestCase.setUp(HomePageTestCase.java:33)
at java.util.concurrent.ThreadPoolExecutor.runWorker(Unknown Source)
at java.util.concurrent.ThreadPoolExecutor$Worker.run(Unknown Source)
at java.lang.Thread.run(Unknown Source)
... Removed 24 stack frames]]>
    </failure>
  </testcase> <!-- @BeforeMethod setUp -->
  <testcase name="@AfterMethod tearDown" time="-1.639116185122E9" classname="com.crm.qa.TestCases.HomePageTestCase">
    <skipped/>
  </testcase> <!-- @AfterMethod tearDown -->
  <testcase name="enterContactDetails" time="0.0" classname="com.crm.qa.TestCases.HomePageTestCase">
    <skipped/>
  </testcase> <!-- enterContactDetails -->
  <testcase name="loginToApplication" time="30.675" classname="com.crm.qa.TestCases.LoginTestCase"/>
  <testcase name="verifyUserIsLoginSuccesfull" time="0.0" classname="com.crm.qa.TestCases.HomePageTestCase">
    <ignored/>
  </testcase> <!-- verifyUserIsLoginSuccesfull -->
</testsuite> <!-- Test Basics 1 -->
